<?xml version="1.0" encoding="UTF-8" ?>
<testsuite errors="0" failures="0" hostname="phoenix137785" name="oracle.json.tests.soda.test_OracleOperationBuilder6" tests="0" time="0.003" timestamp="2024-07-22T22:54:22">
  <properties>
    <property name="env.SRGMGR_GENERIC" value="/ade_autofs/ade_infra/UTL_MAIN_GENERIC.rdd/LATEST/utl/regresstools/srgmgr.pl" />
    <property name="env.SSH_CLIENT" value="10.14.176.147 63291 22" />
    <property name="env.JMS_PORT" value="9127" />
    <property name="env.LPI_PRODUCT_DIR" value="/usr/local/packages/lpi-7.3.2" />
    <property name="env.TERM" value="xterm-256color" />
    <property name="env.ADE_AUTO_MAP" value="disabled" />
    <property name="ant.library.dir" value="/ade/vemahaja_gitdumpnew/ant/lib" />
    <property name="ant.core.lib" value="/ade/vemahaja_gitdumpnew/ant/lib/ant.jar" />
    <property name="lib.dir.name" value="lib" />
    <property name="user.dir" value="/scratch/vemahaja/view_storage/vemahaja_gitdumpnew/xdk/src/java/json/soda-for-java/test" />
    <property name="java.vm.version" value="11.0.24+7-LTS-271" />
    <property name="env.OCR_DEVELOPER_ENV" value="TRUE" />
    <property name="env.OCR_SUPERUSER" value="TRUE" />
    <property name="env.ADMIN_USER" value="admin" />
    <property name="env.HISTFILESIZE" value="10000" />
    <property name="env.NDERC_ONCE" value="TRUE" />
    <property name="env.CLEAN_SUC" value="FALSE" />
    <property name="env.HISTSIZE" value="10000" />
    <property name="lib.dir" value="/scratch/vemahaja/view_storage/vemahaja_gitdumpnew/xdk/src/java/json/soda-for-java/test/lib" />
    <property name="env.ESE_RTF_LOCAL_URL" value="https://artifacthub-phx.oci.oraclecorp.com" />
    <property name="env.OLR_LOC" value="/ade/b/1556886341/oracle/has_work/olr.loc" />
    <property name="env.J2EE_HOST" value="phoenix137785" />
    <property name="sqlplus.dir" value="" />
    <property name="env.LSAN_OPTIONS" value="log_path=/ade/b/1556886341/oracle/work/lsan-leaks:strip_path_prefix=/scratch/vemahaja/view_storage/vemahaja_gitdumpnew/" />
    <property name="env.GENLRGMK_GENERIC" value="/ade_autofs/ade_infra/UTL_MAIN_GENERIC.rdd/LATEST/utl/regresstools/genlrgmk" />
    <property name="env.OCR9_LOC_FILE" value="srvConfig.loc" />
    <property name="sun.os.patch.level" value="unknown" />
    <property name="env.MODULEPATH_modshare" value="/usr/share/modulefiles:1:/usr/share/Modules/modulefiles:1:/etc/modulefiles:1" />
    <property name="env.DB_SID" value="dumpnew" />
    <property name="java.vm.specification.name" value="Java Virtual Machine Specification" />
    <property name="resources.dir" value="/scratch/vemahaja/view_storage/vemahaja_gitdumpnew/xdk/src/java/json/soda-for-java/test/resources" />
    <property name="env.NDERC_PREFIX" value="" />
    <property name="env.GJS_DEBUG_TOPICS" value="JS ERROR;JS LOG" />
    <property name="env.ADE_EXPAND_SPEC" value="xdk/lib:xdk/bin:xdk/utl:rdbms/lib:rdbms/bin:rdbms/admin:rdbms/utl:plsql/exdir:odbc/*:odbctests/*:oracle/*:buildtools/public:has/css:oss/*:oraolap/*:cwmlite/*" />
    <property name="env.MODULESHOME" value="/usr/share/Modules" />
    <property name="env.OSTYPE" value="linux" />
    <property name="env.TLINT_HOME" value="/ade/b/1556886341/oracle/buildtools" />
    <property name="DBName" value="cdb1_pdb1.regress.rdbms.dev.us.oracle.com" />
    <property name="env.ADE_DEFAULT_VIEW_STORAGE_LOC" value="/scratch/vemahaja/view_storage" />
    <property name="os.name" value="Linux" />
    <property name="java.specification.maintenance.version" value="2" />
    <property name="env.NLS_SEED" value="/ade/b/1556886341/oracle/rdbms/utl/nlsdb" />
    <property name="env.JAVA_15" value="/ade/b/1556886341/oracle/jdk/bin" />
    <property name="env.ADMIN_PWD" value="welcome" />
    <property name="env.JAVA_11" value="/ade/b/1556886341/oracle/jdk11/bin" />
    <property name="env.DB3PARTY_HOME" value="/ade/b/1556886341/oracle/db3party" />
    <property name="env.JCK8ROOT" value="/net/slc06mdm/scratch/yhuang/JCK/jck8a/JCK-runtime-8a" />
    <property name="java.vendor.url.bug" value="https://bugreport.java.com/bugreport/" />
    <property name="env.VNCDESKTOP" value="phoenix137785:1 (vemahaja)" />
    <property name="env.JDK_CLASSES" value="/ade/b/1556886341/oracle/lib/vbjorb.jar:/ade/b/1556886341/oracle/lib/vbjapp.jar:" />
    <property name="env.VTE_VERSION" value="5204" />
    <property name="os.arch" value="amd64" />
    <property name="user.name" value="vemahaja" />
    <property name="env.XDK_TEST_ROOT" value="/ade/b/1556886341/oracle/xdk/test" />
    <property name="env.ADE_POLICY_TRANS_STORAGE_ROOT" value="/ade_autofs/ade_txn_db_phx_fss" />
    <property name="sun.java.command" value="org.apache.tools.ant.taskdefs.optional.junit.JUnitTestRunner testsfile=/scratch/vemahaja/view_storage/vemahaja_gitdumpnew/xdk/src/java/json/soda-for-java/test/junittestcases9221372853619006976.properties filtertrace=true haltOnError=false haltOnFailure=false formatter=org.apache.tools.ant.taskdefs.optional.junit.SummaryJUnitResultFormatter showoutput=false outputtoformatters=true logtestlistenerevents=true formatter=org.apache.tools.ant.taskdefs.optional.junit.XMLJUnitResultFormatter,/scratch/vemahaja/view_storage/vemahaja_gitdumpnew/xdk/src/java/json/soda-for-java/test/testoutput/2024-07-22-22.51.54/out/IGNORETHIS.xml formatter=org.apache.tools.ant.taskdefs.optional.junit.BriefJUnitResultFormatter,/scratch/vemahaja/view_storage/vemahaja_gitdumpnew/xdk/src/java/json/soda-for-java/test/testoutput/2024-07-22-22.51.54/out/IGNORETHIS.txt crashfile=/scratch/vemahaja/view_storage/vemahaja_gitdumpnew/xdk/src/java/json/soda-for-java/test/junitvmwatcher4925976272126612953.properties propsfile=/scratch/vemahaja/view_storage/vemahaja_gitdumpnew/xdk/src/java/json/soda-for-java/test/junit8819932762230714198.properties" />
    <property name="env.USER" value="vemahaja" />
    <property name="env.SSH_CONNECTION" value="10.14.176.147 63291 100.70.65.247 22" />
    <property name="env.GNOME_TERMINAL_SERVICE" value=":1.65" />
    <property name="env.XDG_SESSION_ID" value="610" />
    <property name="env.LOGNAME" value="vemahaja" />
    <property name="env.ORDIM_JDKHOME_SERVER" value="" />
    <property name="env.GNOME_DESKTOP_SESSION_ID" value="this-is-deprecated" />
    <property name="env.NDE_VOB_ROOT" value="/ade/vemahaja_gitdumpnew" />
    <property name="jdk.debug" value="release" />
    <property name="env.ORATST_CLEAN" value="txclnt.tsc" />
    <property name="env.TKLOCAL_V" value="/scratch/vemahaja/view_storage/vemahaja_gitdumpnew/oracle/tklocal" />
    <property name="env.OCR_DG_ROOT" value="+ocrdg1" />
    <property name="env.OCR_DG_NAME" value="ocrdg1" />
    <property name="env.T_CS_DATA" value="/ade/vemahaja_gitdumpnew/xdk/test/txcs/data" />
    <property name="user.country" value="US" />
    <property name="env.SSH_TTY" value="/dev/pts/31" />
    <property name="env.LOADEDMODULES" value="" />
    <property name="env.CDB_SEED" value="/ade/b/1556886341/oracle/rdbms/utl/cdb_seed" />
    <property name="env.JREHOME" value="/ade/b/1556886341/oracle/jre15" />
    <property name="env.COMPDIR" value="/usr/local/remote/packages/icc_remote/9.1.046patched" />
    <property name="env.DB_CHARSET" value="utf8" />
    <property name="env.NDE_VIEW_TAG" value="vemahaja_gitdumpnew" />
    <property name="env.FTPPORT" value="2100" />
    <property name="env.PERL_JSON_BACKEND" value="JSON::PP" />
    <property name="env._ORA_PLUS_TST" value="TRUE" />
    <property name="env.MACHTYPE" value="x86_64" />
    <property name="env.ADE_ROOT" value="1" />
    <property name="env.ADE_SAVE_UMASK" value="022" />
    <property name="java.vm.specification.version" value="11" />
    <property name="env.CVS_RSH" value="ssh" />
    <property name="env.DB_DS" value="emulated" />
    <property name="env.DB_PORT" value="5521" />
    <property name="env.SHLVL" value="4" />
    <property name="env.JDK6_HOME" value="/ade/b/1556886341/oracle/jdk6" />
    <property name="env.HTTPPORT" value="8080" />
    <property name="java.vendor" value="Oracle Corporation" />
    <property name="env.OCR_LOC_FILE" value="ocr.loc" />
    <property name="env.OLR_FILE" value="phoenix137785.olr" />
    <property name="env.T_SYSTEM_JRE116" value="/usr/local/packages/jdk1.1.6p/bin" />
    <property name="file.separator" value="/" />
    <property name="env.SRCHOME_V" value="/scratch/vemahaja/view_storage/vemahaja_gitdumpnew/oracle" />
    <property name="env.SO_EXT" value="so" />
    <property name="env.XMODIFIERS" value="@im=ibus" />
    <property name="sun.java.launcher" value="SUN_STANDARD" />
    <property name="env.CLNTLIBVERSION4TEST" value="23" />
    <property name="env.MAIL" value="/var/spool/mail/vemahaja" />
    <property name="env.JT_WORK" value="/ade/b/1556886341/oracle/work/jtwork" />
    <property name="env.ORA64_32" value="1" />
    <property name="ant.home" value="/ade/vemahaja_gitdumpnew/ant" />
    <property name="env.T_ARCHIVE" value="/ade/b/1556886341/oracle/work:/ade/vemahaja_gitdumpnew/sqlplus/test/iplus/log" />
    <property name="env.OCR_MIRROR_DG_FILE" value="ocrdg2" />
    <property name="ant.java.version" value="1.6" />
    <property name="java.library.path" value="/ade/vemahaja_gitdumpnew/odbc/public/osds/unixODBC/lib:/opt/microfocus/cobol/lib:/usr/dt/lib:/ade/vemahaja_gitdumpnew/rdbms/lib:/ade/b/1556886341/oracle/lib:/ade/vemahaja_gitdumpnew/ctx/lib:/ade/vemahaja_gitdumpnew/javavm/utl/ejb/unix/lib:/ade/vemahaja_gitdumpnew/dbjava/lib:/usr/lib:/ade/b/1556886341/oracle/jre14/lib/i386:/ade/b/1556886341/oracle/jre14/lib/i386/client:/ade/vemahaja_gitdumpnew/oss/lib:/ade/vemahaja_gitdumpnew/odbc/public/osds/ext_lib:/usr/lib:/usr/java/packages/lib:/usr/lib64:/lib64:/lib:/usr/lib" />
    <property name="env.JDKVER" value="JDK8" />
    <property name="env.REMOTEHOST" value="10.14.176.147" />
    <property name="DSTAMP" value="20240722" />
    <property name="sun.arch.data.model" value="64" />
    <property name="basedir" value="/scratch/vemahaja/view_storage/vemahaja_gitdumpnew/xdk/src/java/json/soda-for-java/test" />
    <property name="env.T_SYSTEM" value="/ade/b/1556886341/oracle/xdk/bin:/ade/b/1556886341/oracle/work:/ade/b/1556886341/oracle/perl/bin:/ade/b/1556886341/oracle/work:/ade/vemahaja_gitdumpnew/rdbms/bin:/ade/b/1556886341/oracle/bin:/ade/vemahaja_gitdumpnew/sqlj/bin:/ade/vemahaja_gitdumpnew/precomp_bin/bin:/ade/b/1556886341/oracle/wwg/tools:/ade/b/1556886341/oracle/perl/bin:/ade/b/1556886341/oracle/jdk6/bin:/ade/vemahaja_gitdumpnew/rdbms/src/server/xmlsupp/xsu/lib:/ade/b/1556886341/oracle/plsql/utl:/ade/b/1556886341/oracle/plsql/utl/scripts:/ade/b/1556886341/oracle/ctx/utl:/ade/vemahaja_gitdumpnew/python/bin:/ade/vemahaja_gitdumpnew/rdbms/src/server/vos/odmlib/nfs/test:/usr/local/bin:/bin:/usr/bin" />
    <property name="test.out.dir" value="testoutput/2024-07-22-22.51.54/out" />
    <property name="env.TNS_ADMIN" value="/ade/b/1556886341/oracle/work" />
    <property name="env.PATH" value="/usr/local/packages/idb_remote/8.1-035/bin:/usr/local/packages/idb_remote/8.1-035/bin:/ade/b/1556886341/oracle/xdk/test/orajtst/bin:/ade/b/1556886341/oracle/xdk/bin:/ade/vemahaja_gitdumpnew/ant/bin:/ade/vemahaja_gitdumpnew/maven/bin:/ade/b/1556886341/oracle/python/bin:/opt/microfocus/cobol/bin:/ade/b/1556886341/oracle/perl/bin:/ade/vemahaja_gitdumpnew/plsql/bin:/ade/vemahaja_gitdumpnew/plsql/utl:/ade/vemahaja_gitdumpnew/plsql/utl/scripts:.:/ade/vemahaja_gitdumpnew/buildtools/bin:/ade/b/1556886341/oracle/bin:/ade/b/1556886341/oracle/xdk/utl:/ade/b/1556886341/oracle/rdbms/utl:/ade/vemahaja_gitdumpnew/utl:/ade/vemahaja_gitdumpnew/nlsrtl3/bin:/ade/vemahaja_gitdumpnew/gradle/bin:/usr/sbin:/bin:/usr/dev_infra/platform/bin:/usr/dev_infra/generic/bin:/usr/local/bin:/etc:/usr/ccs/bin:/usr/local/nde/bin:/usr/ucb:/usr/X11R6/bin:/usr/local/ade/bin:/ade/vemahaja_gitdumpnew/odbctests/odbc_ptest/bin:/ade/vemahaja_gitdumpnew/rdbms_topaz:/usr/local/packages/idb_remote/8.1-035/bin:/usr/share/Modules/bin" />
    <property name="env.FQDN" value="phoenix137785.dev3sub3phx.databasede3phx.oraclevcn.com" />
    <property name="path.separator" value=":" />
    <property name="env.J2EE_HOME" value="/ade/b/1556886341/oracle/work/jtwork/oc4j_standalone/j2ee/home" />
    <property name="sun.io.unicode.encoding" value="UnicodeLittle" />
    <property name="env.VIEW_LABEL" value="XDK_SODA1_LINUX.X64_240716" />
    <property name="TSTAMP" value="2251" />
    <property name="user.language" value="en" />
    <property name="env.OCR_LOC" value="/ade/b/1556886341/oracle/hist/ocr.loc" />
    <property name="junit.jar" value="${env.SODA_JUNIT_JAR}" />
    <property name="env.CTX_TWO_TASK" value="inst1" />
    <property name="env.JAVA8HOME" value="/ade/b/1556886341/oracle/jdk8" />
    <property name="Password" value="tiger" />
    <property name="env.QT_IM_MODULE" value="ibus" />
    <property name="env.VIEW_OBH" value="/ade/b/1556886341/oracle" />
    <property name="env.PSEP" value=":" />
    <property name="java.class.version" value="55.0" />
    <property name="ant.file.txjjson" value="/scratch/vemahaja/view_storage/vemahaja_gitdumpnew/xdk/src/java/json/soda-for-java/test/build.xml" />
    <property name="env.PERL_HOME" value="/usr/local/redhat/packages/perl_5.6.1" />
    <property name="env.RMI_ACT_PORT" value="3098" />
    <property name="ant.file.sql" value="/scratch/vemahaja/view_storage/vemahaja_gitdumpnew/xdk/src/java/json/soda-for-java/test/ant/sql.xml" />
    <property name="env.ADE_DEFAULT_TXN_GROUP" value="db_test_access" />
    <property name="sun.cpu.endian" value="little" />
    <property name="env.ADE_VIEW_ROOT_V" value="/scratch/vemahaja/view_storage/vemahaja_gitdumpnew" />
    <property name="jdcs.mode" value="false" />
    <property name="debug.curl" value="false" />
    <property name="env.CDB_NLS_LMT_SEED" value="/ade/b/1556886341/oracle/rdbms/utl/cdb_nls_lmt_seed" />
    <property name="env.OCR_MIRROR_FILE" value="mirror.ocr" />
    <property name="env.JAVA7HOME" value="/ade/b/1556886341/oracle/jdk7" />
    <property name="env.SHELL" value="/bin/tcsh" />
    <property name="env.OCR9_LOC" value="/ade/b/1556886341/oracle/has_work/srvConfig.loc" />
    <property name="env.ORACLE_HOME_NAME" value="gitdumpnew" />
    <property name="env.ADE_PERL_PATH" value="/usr/local/ade/x86_64/perl530" />
    <property name="env.ADE_DEFAULT_TWORK_STORAGE_LOC" value="/scratch/vemahaja/view_storage" />
    <property name="env.ADE_LABELSERVER_CONFIG_FILE" value="/ade_autofs/ade_infra/SEICONFIG_MAIN_PLATFORMS.rdd/LATEST/seiconfig/ade/linux/i686-linux/phx/DB/ADE_LabelServers_List.txt" />
    <property name="install.plsql" value="false" />
    <property name="java.home" value="/ade_autofs/dd223_db/XDK/SODA1/LINUX.X64/240721/jdk11" />
    <property name="env.KDEDIRS" value="/usr" />
    <property name="env.ORACLE_HOME" value="/ade/b/1556886341/oracle" />
    <property name="env.ADE_CHROOT_SHELL" value="/ade_autofs/ade_infra/UTL_MAIN_GENERIC.rdd/LATEST/utl/chroot_env.pl" />
    <property name="env.J2EE_SSL_PORT" value="1699" />
    <property name="env.T_VM_DATA" value="/ade/vemahaja_gitdumpnew/xdk/test/txvm/data" />
    <property name="env.VENDOR" value="unknown" />
    <property name="test.html.dir" value="testoutput/2024-07-22-22.51.54/html" />
    <property name="env.JDKHOME" value="/ade/b/1556886341/oracle/jdk" />
    <property name="env.T_CX_DATA" value="/ade/vemahaja_gitdumpnew/xdk/test/txcx/data" />
    <property name="env.T_WORK" value="/ade/b/1556886341/oracle/work" />
    <property name="env.INTG_ROOT" value="/ade_autofs/ade_infra/INTG_PT.V3_LINUX.rdd/LATEST/intg" />
    <property name="env.TKLOCAL" value="/ade/b/1556886341/oracle/tklocal" />
    <property name="env.JAVA6HOME" value="/ade/b/1556886341/oracle/jdk6" />
    <property name="env.GCONF_LOCAL_LOCKS" value="1" />
    <property name="env.EXD" value="/ade/b/1556886341/oracle/plsql/exdir/" />
    <property name="env.ORACLE_PORT" value="5521" />
    <property name="env.ATRIAHOME" value="/usr/atria" />
    <property name="env.T_WORK_V" value="/scratch/vemahaja/view_storage/vemahaja_gitdumpnew/oracle/work" />
    <property name="atp.mode" value="false" />
    <property name="env.UBSAN_OPTIONS" value="log_path=/ade/b/1556886341/oracle/work/ubsan-errs:print_stacktrace=1:strip_path_prefix=/scratch/vemahaja/view_storage/vemahaja_gitdumpnew/" />
    <property name="env.ORACLE_BASE_V" value="/scratch/vemahaja/view_storage/vemahaja_gitdumpnew/oracle" />
    <property name="env.COBDIR" value="/opt/microfocus/cobol" />
    <property name="env.DBUS_SESSION_BUS_ADDRESS" value="unix:abstract=/tmp/dbus-tvGEWxdKTN,guid=f4f3c147768462d3632b584d667c9eec" />
    <property name="env.NDE_PRODUCT_ROOT" value="/ade/vemahaja_gitdumpnew/xdk" />
    <property name="env.XDK_CLASSPATH" value=".:/ade/b/1556886341/oracle/xdk/lib/xmlmesg.jar:/ade/b/1556886341/oracle/xdk/lib/xmlparserv2.jar:/ade/b/1556886341/oracle/xdk/lib/xml.jar:/ade/b/1556886341/oracle/xdk/lib/classgen.jar:/ade/b/1556886341/oracle/xdk/lib/xsu12.jar:/ade/b/1556886341/oracle/xdk/lib/xquery.jar:/ade/b/1556886341/oracle/xdk/lib/ojcr.jar:/ade/b/1556886341/oracle/xdk/src/java/lib/jcr-1.0.jar:/ade/b/1556886341/oracle/jlib/orai18n.jar:/ade/b/1556886341/oracle/jlib/orai18n-mapping.jar:/ade/b/1556886341/oracle/jlib/orai18n-utility.jar:/ade/b/1556886341/oracle/jlib/orai18n-collation.jar:/ade/b/1556886341/oracle/xdk/src/java/lib/stax.jar:/ade/b/1556886341/oracle/xdk/src/java/lib/jdev-rt.zip:/ade/b/1556886341/oracle/xdk/src/java/lib/xmldemo.jar:/ade/b/1556886341/oracle/rdbms/jlib/xdb.jar:/ade/b/1556886341/oracle/jdbc/lib/ojdbc6.jar:/ade/b/1556886341/oracle/xdk/src/java/lib/fastinfoset.jar:/ade/b/1556886341/oracle/dbjava/lib/ojdbc8.jar" />
    <property name="env.OLR_ROOT" value="/ade/b/1556886341/oracle/has_work/" />
    <property name="env.SSH_AUTH_SOCK" value="/run/user/1700179/keyring/ssh" />
    <property name="env.OLR_NAME" value="phoenix137785.olr" />
    <property name="sun.management.compiler" value="HotSpot 64-Bit Tiered Compilers" />
    <property name="env.DISPLAY" value=":1" />
    <property name="jar.orajsoda" value="/scratch/vemahaja/view_storage/vemahaja_gitdumpnew/xdk/src/java/json/soda-for-java/test/../lib/orajsoda.jar" />
    <property name="env.MYPROFDIR" value="NONE" />
    <property name="env.GJS_DEBUG_OUTPUT" value="stderr" />
    <property name="ant.file" value="/scratch/vemahaja/view_storage/vemahaja_gitdumpnew/xdk/src/java/json/soda-for-java/test/build.xml" />
    <property name="test.match" value="OracleCollectionAdmin" />
    <property name="xdk.json.src.dir" value="/scratch/vemahaja/view_storage/vemahaja_gitdumpnew/xdk/src/java/json/soda-for-java/test" />
    <property name="env.HOST" value="phoenix137785" />
    <property name="env.T_XQD_DATA" value="/ade/vemahaja_gitdumpnew/xdk/test/txqd/data" />
    <property name="env.S_COLORS" value="auto" />
    <property name="env.SODA_SQLPLUS" value="" />
    <property name="env.NDE_HOME" value="/usr/local/nde" />
    <property name="env.JDK_HOME" value="/ade/b/1556886341/oracle/jdk" />
    <property name="env.OCR_MIRROR_DG_ROOT" value="+ocrdg2" />
    <property name="env.OCR_MIRROR_DG_NAME" value="ocrdg2" />
    <property name="env.JAVA_8" value="/ade/b/1556886341/oracle/jdk8/bin" />
    <property name="env.XDG_RUNTIME_DIR" value="/run/user/1700179" />
    <property name="java.vm.specification.vendor" value="Oracle Corporation" />
    <property name="env.T_HIST" value="/ade/b/1556886341/oracle/hist" />
    <property name="env.ADE_VIEW_ROOT" value="/ade/vemahaja_gitdumpnew" />
    <property name="java.vm.name" value="Java HotSpot(TM) 64-Bit Server VM" />
    <property name="env.ADE_VIEW_NAME" value="vemahaja_gitdumpnew" />
    <property name="env.T_DHOME" value="/ade/b/1556886341/oracle/log/diag/rdbms/dumpnew/dumpnew" />
    <property name="java.io.tmpdir" value="/tmp" />
    <property name="java.vendor.url" value="https://openjdk.java.net/" />
    <property name="env.OCR_BACKUP" value="/ade/b/1556886341/oracle/hist/data.ocr" />
    <property name="env.ADE_USER_TRIGGER_DIR" value="/ade/vemahaja_gitdumpnew/xdk/utl/trigger_scripts" />
    <property name="patch.version" value="" />
    <property name="env.ORA_SUPPRESS_ERROR_URL" value="TRUE" />
    <property name="Server" value="localhost" />
    <property name="env.NDE_PRODUCT_REL" value="8.0.2" />
    <property name="env.XDG_CURRENT_DESKTOP" value="GNOME" />
    <property name="env.GNOME_TERMINAL_SCREEN" value="/org/gnome/Terminal/screen/78a1c06e_cc9a_4139_9051_e4c3001c343b" />
    <property name="env.SRCHOME" value="/ade/b/1556886341/oracle" />
    <property name="sun.boot.library.path" value="/ade_autofs/dd223_db/XDK/SODA1/LINUX.X64/240721/jdk11/lib" />
    <property name="env.MANPATH" value="/usr/local/packages/idb_remote/8.1-035/man:/usr/local/packages/idb_remote/8.1-035/man:/usr/local/packages/idb_remote/8.1-035/man:/usr/local/packages/idb_remote/8.1-035/man:/usr/local/packages/idb_remote/8.1-035/man:/usr/local/packages/idb_remote/8.1-035/man:/usr/local/packages/idb_remote/8.1-035/man:/usr/share/man:/usr/local/share/man" />
    <property name="java.vendor.version" value="18.9" />
    <property name="env.XDKHOME" value="/ade/b/1556886341/oracle/xdk/lib" />
    <property name="env.XDG_MENU_PREFIX" value="gnome-" />
    <property name="env.MAVEN_HOME" value="/ade/vemahaja_gitdumpnew/maven" />
    <property name="env.T_CP_DATA" value="/ade/vemahaja_gitdumpnew/xdk/test/txcp/data" />
    <property name="env.T_MAXDIFF" value="50000" />
    <property name="java.runtime.name" value="Java(TM) SE Runtime Environment" />
    <property name="env.DEFAULT_SEED_LOC" value="oracle/rdbms/utl/cdb_lmt_al32utf8_seed" />
    <property name="ant.project.name" value="txjjson" />
    <property name="env.JT_SRC" value="/ade/b/1556886341/oracle/tklocal:/ade/b/1556886341/oracle/xdk/test" />
    <property name="sun.cpu.isalist" value="" />
    <property name="env.LKMGR_LOG" value="/tmp/DLM_vemahaja_gitdumpnew" />
    <property name="env.OC4J_IIOP" value="15555" />
    <property name="env.SSH_AGENT_PID" value="52692" />
    <property name="user.home" value="/home/vemahaja" />
    <property name="env.ORATST_NODB" value="TRUE" />
    <property name="env.JAVA_HOME" value="/ade/b/1556886341/oracle/jdk" />
    <property name="env.DBLIBVERSION4TEST" value="" />
    <property name="env.ORATST_START" value="txstart.tsc" />
    <property name="env.PERL_USE_UNSAFE_INC" value="1" />
    <property name="env.T_DBS" value="/ade/b/1556886341/oracle/dbs" />
    <property name="java.specification.name" value="Java Platform API Specification" />
    <property name="jvmdebug" value="" />
    <property name="env.OCR_MIRROR_ROOT" value="/ade/b/1556886341/oracle/has_work/mirror.ocr" />
    <property name="env.T_DIAG" value="/ade/b/1556886341/oracle/log" />
    <property name="env.OCR_MIRROR_NAME" value="mirror.ocr" />
    <property name="env.APJ_HOME" value="/ade/b/1556886341/oracle/Apache" />
    <property name="env.PERL_BINDIR_5_6" value="/usr/local/redhat/packages/perl_5.6.1/bin" />
    <property name="env.CLASSPATH" value="" />
    <property name="java.specification.vendor" value="Oracle Corporation" />
    <property name="env.T_SYSTEM_JRE" value="/usr/local/packages/jre1.1.8_10/bin" />
    <property name="java.version" value="11.0.24" />
    <property name="env.DEV_STACK" value="DB" />
    <property name="java.vm.compressedOopsMode" value="Zero based" />
    <property name="env.SESSION_MANAGER" value="local/unix:@/tmp/.ICE-unix/52658,unix/unix:/tmp/.ICE-unix/52658" />
    <property name="env.LD_LIBRARY_PATH" value="/ade/vemahaja_gitdumpnew/odbc/public/osds/unixODBC/lib:/opt/microfocus/cobol/lib:/usr/dt/lib:/ade/vemahaja_gitdumpnew/rdbms/lib:/ade/b/1556886341/oracle/lib:/ade/vemahaja_gitdumpnew/ctx/lib:/ade/vemahaja_gitdumpnew/javavm/utl/ejb/unix/lib:/ade/vemahaja_gitdumpnew/dbjava/lib:/usr/lib:/ade/b/1556886341/oracle/jre14/lib/i386:/ade/b/1556886341/oracle/jre14/lib/i386/client:/ade/vemahaja_gitdumpnew/oss/lib:/ade/vemahaja_gitdumpnew/odbc/public/osds/ext_lib:/usr/lib" />
    <property name="test.run" value="2024-07-22-22.51.54" />
    <property name="env.OCR_FILE" value="data.ocr" />
    <property name="env.ADE_REPOS_MERGE_ROOT" value="/ade_autofs/ade_infra/ADE_MAIN_LINUX.X64.rdd/LATEST/nde/ade/repos_merge" />
    <property name="test.dir" value="testoutput/2024-07-22-22.51.54" />
    <property name="env.ADE_SITE" value="phx" />
    <property name="env.ORACLE_HOME_V" value="/scratch/vemahaja/view_storage/vemahaja_gitdumpnew/oracle" />
    <property name="env.LESSOPEN" value="||/usr/bin/lesspipe.sh %s" />
    <property name="env.ADE_HOME_DIR" value="/ade_autofs/ade_infra/ADE_MAIN_LINUX.X64.rdd/LATEST/nde/ade" />
    <property name="env.HAS_NO_LIBCHANGE" value="TRUE" />
    <property name="env.MODULEPATH" value="/etc/scl/modulefiles:/etc/scl/modulefiles:/usr/share/Modules/modulefiles:/etc/modulefiles:/usr/share/modulefiles" />
    <property name="env.RMI_PORT" value="23791" />
    <property name="env.T_HAS_WORK" value="/ade/b/1556886341/oracle/has_work" />
    <property name="classes.dir" value="/scratch/vemahaja/view_storage/vemahaja_gitdumpnew/xdk/src/java/json/soda-for-java/test/build/classes" />
    <property name="env.T_CONFIG_DBS" value="/ade/b/1556886341/oracle/dbs" />
    <property name="java.version.date" value="2024-07-16" />
    <property name="env.PWD" value="/ade/b/1556886341/oracle/xdk/src/java/json/soda-for-java/test" />
    <property name="line.separator" value="
" />
    <property name="env.HOSTTYPE" value="x86_64-linux" />
    <property name="java.specification.version" value="11" />
    <property name="java.vm.info" value="mixed mode" />
    <property name="env.ANT_HOME" value="/ade/vemahaja_gitdumpnew/ant" />
    <property name="javac.java.home" value="/ade/b/1556886341/oracle/jdk" />
    <property name="env.ADE_PRODUCT_ROOT" value="/ade/vemahaja_gitdumpnew/xdk" />
    <property name="env.RDBMS_CC" value="/usr/bin/gcc" />
    <property name="env.TCPPORT" value="5521" />
    <property name="datasource" value="datasource.properties" />
    <property name="env.FSEP" value="/" />
    <property name="src.dir" value="/scratch/vemahaja/view_storage/vemahaja_gitdumpnew/xdk/src/java/json/soda-for-java/test/src" />
    <property name="env.ORACLE_BASE" value="/ade/b/1556886341/oracle" />
    <property name="env.SSH_ASKPASS" value="/usr/libexec/openssh/gnome-ssh-askpass" />
    <property name="env.ADE_TRIGGER_DIR" value="/ade_autofs/ade_infra/ADE_MAIN_LINUX.X64.rdd/LATEST/nde/ade/bin/perl/trigger_scripts" />
    <property name="env.BUILD_CC" value="1" />
    <property name="env.MODULES_CMD" value="/usr/share/Modules/libexec/modulecmd.tcl" />
    <property name="depend.cache.dir" value="/scratch/vemahaja/view_storage/vemahaja_gitdumpnew/xdk/src/java/json/soda-for-java/test/build/depend" />
    <property name="env.OC4J_HOST" value="phoenix137785" />
    <property name="env.HOME" value="/home/vemahaja" />
    <property name="env.CTS_HOME" value="/ade/b/1556886341/oracle/xdk/cts/j2eects" />
    <property name="env.ORACLE_SID" value="dumpnew" />
    <property name="env.CDPATH" value="/ade/b/1556886341/oracle:/ade/b/1556886341/oracle/xdk:/ade/b/1556886341/oracle/xdk/src:/ade/b/1556886341/oracle/xdk/src/c:/ade/b/1556886341/oracle/xdk/src/cpp:/ade/b/1556886341/oracle/xdk/src/java:/ade/b/1556886341/oracle/xdk/src/java/oracle:/ade/b/1556886341/oracle/xdk/src/java/oracle/xml:/ade/b/1556886341/oracle/xdk/src/java/oracle/xml/parser:/ade/b/1556886341/oracle/xdk/test:/ade/b/1556886341/oracle/javavm:/ade/b/1556886341/oracle/dbjava:/ade/b/1556886341/oracle/rdbms:/ade/b/1556886341/oracle/rdbms/src:/ade/vemahaja_gitdumpnew/obase:/ade/vemahaja_gitdumpnew" />
    <property name="env.ORAJTST_HOME" value="/ade/b/1556886341/oracle/xdk/test/orajtst" />
    <property name="TODAY" value="July 22 2024" />
    <property name="java.awt.printerjob" value="sun.print.PSPrinterJob" />
    <property name="sun.jnu.encoding" value="UTF-8" />
    <property name="env.T_CPP_DATA" value="/ade/vemahaja_gitdumpnew/xdk/test/txcpp/data" />
    <property name="java.runtime.version" value="11.0.24+7-LTS-271" />
    <property name="xdk.lib.dir" value="/scratch/vemahaja/view_storage/vemahaja_gitdumpnew/xdk/src/java/json/soda-for-java/test/../lib" />
    <property name="env.ADE_CONFIG_DIR" value="/ade_autofs/ade_infra/SEICONFIG_MAIN_PLATFORMS.rdd/LATEST/seiconfig/ade" />
    <property name="env.COLORTERM" value="truecolor" />
    <property name="user.timezone" value="" />
    <property name="env.ORA_SID" value="dumpnew" />
    <property name="env.IS_OCI_HOST" value="1" />
    <property name="env.JRE15HOME" value="/ade/b/1556886341/oracle/jre15" />
    <property name="env.JAVA16HOME" value="/ade/b/1556886341/oracle/jdk6" />
    <property name="env.PYTHON" value="/ade/b/1556886341/oracle/python/bin/python" />
    <property name="env.MODULES_USE_COMPAT_VERSION" value="0" />
    <property name="java.class.path" value="/scratch/vemahaja/view_storage/vemahaja_gitdumpnew/xdk/src/java/json/soda-for-java/lib/jakarta.json-1.1.5.jar:/scratch/vemahaja/view_storage/vemahaja_gitdumpnew/xdk/src/java/json/soda-for-java/lib/jakarta.json-api-2.1.3.jar:/scratch/vemahaja/view_storage/vemahaja_gitdumpnew/xdk/src/java/json/soda-for-java/lib/jakarta.servlet-api-4.0.4.jar:/scratch/vemahaja/view_storage/vemahaja_gitdumpnew/xdk/src/java/json/soda-for-java/lib/javax.json-api-1.1.4.jar:/scratch/vemahaja/view_storage/vemahaja_gitdumpnew/xdk/src/java/json/soda-for-java/lib/junit-4.13.2.jar:/scratch/vemahaja/view_storage/vemahaja_gitdumpnew/xdk/src/java/json/soda-for-java/lib/ojdbc8-23.3.0.23.09.jar:/scratch/vemahaja/view_storage/vemahaja_gitdumpnew/xdk/src/java/json/soda-for-java/lib/orajsoda.jar:/scratch/vemahaja/view_storage/vemahaja_gitdumpnew/xdk/src/java/json/soda-for-java/test/build/classes:/ade/vemahaja_gitdumpnew/ant/lib/junit.jar:/ade_autofs/ud222_db/XDK_SODA1_LINUX.X64.rdd/240721/ant/lib/ant-launcher.jar:/ade/vemahaja_gitdumpnew/ant/lib/ant.jar:/ade/vemahaja_gitdumpnew/ant/lib/ant-junit.jar" />
    <property name="Port" value="1521" />
    <property name="env.OUT_DIR" value="/ade/b/1556886341/oracle/work/temp/" />
    <property name="env.T_DHOME_TRC" value="/ade/b/1556886341/oracle/log/diag/rdbms/dumpnew/dumpnew/trace" />
    <property name="env.OCR_ROOT_5" value="/ade/b/1556886341/oracle/has_work/data5.ocr" />
    <property name="env.OCR_ROOT_4" value="/ade/b/1556886341/oracle/has_work/data4.ocr" />
    <property name="env.OCR_ROOT_3" value="/ade/b/1556886341/oracle/has_work/data3.ocr" />
    <property name="env.JDKHOME_16" value="/ade/b/1556886341/oracle/jdk6" />
    <property name="env.JDKHOME_15" value="/ade/b/1556886341/oracle/jdk15" />
    <property name="os.version" value="5.4.17-2136.324.5.3.el8uek.x86_64" />
    <property name="env.SAMBAROOT" value="/data3/prophecy/prophecy" />
    <property name="env.LS_COLORS" value="rs=0:di=38;5;33:ln=38;5;51:mh=00:pi=40;38;5;11:so=38;5;13:do=38;5;5:bd=48;5;232;38;5;11:cd=48;5;232;38;5;3:or=48;5;232;38;5;9:mi=01;05;37;41:su=48;5;196;38;5;15:sg=48;5;11;38;5;16:ca=48;5;196;38;5;226:tw=48;5;10;38;5;16:ow=48;5;10;38;5;21:st=48;5;21;38;5;15:ex=38;5;40:*.tar=38;5;9:*.tgz=38;5;9:*.arc=38;5;9:*.arj=38;5;9:*.taz=38;5;9:*.lha=38;5;9:*.lz4=38;5;9:*.lzh=38;5;9:*.lzma=38;5;9:*.tlz=38;5;9:*.txz=38;5;9:*.tzo=38;5;9:*.t7z=38;5;9:*.zip=38;5;9:*.z=38;5;9:*.dz=38;5;9:*.gz=38;5;9:*.lrz=38;5;9:*.lz=38;5;9:*.lzo=38;5;9:*.xz=38;5;9:*.zst=38;5;9:*.tzst=38;5;9:*.bz2=38;5;9:*.bz=38;5;9:*.tbz=38;5;9:*.tbz2=38;5;9:*.tz=38;5;9:*.deb=38;5;9:*.rpm=38;5;9:*.jar=38;5;9:*.war=38;5;9:*.ear=38;5;9:*.sar=38;5;9:*.rar=38;5;9:*.alz=38;5;9:*.ace=38;5;9:*.zoo=38;5;9:*.cpio=38;5;9:*.7z=38;5;9:*.rz=38;5;9:*.cab=38;5;9:*.wim=38;5;9:*.swm=38;5;9:*.dwm=38;5;9:*.esd=38;5;9:*.jpg=38;5;13:*.jpeg=38;5;13:*.mjpg=38;5;13:*.mjpeg=38;5;13:*.gif=38;5;13:*.bmp=38;5;13:*.pbm=38;5;13:*.pgm=38;5;13:*.ppm=38;5;13:*.tga=38;5;13:*.xbm=38;5;13:*.xpm=38;5;13:*.tif=38;5;13:*.tiff=38;5;13:*.png=38;5;13:*.svg=38;5;13:*.svgz=38;5;13:*.mng=38;5;13:*.pcx=38;5;13:*.mov=38;5;13:*.mpg=38;5;13:*.mpeg=38;5;13:*.m2v=38;5;13:*.mkv=38;5;13:*.webm=38;5;13:*.ogm=38;5;13:*.mp4=38;5;13:*.m4v=38;5;13:*.mp4v=38;5;13:*.vob=38;5;13:*.qt=38;5;13:*.nuv=38;5;13:*.wmv=38;5;13:*.asf=38;5;13:*.rm=38;5;13:*.rmvb=38;5;13:*.flc=38;5;13:*.avi=38;5;13:*.fli=38;5;13:*.flv=38;5;13:*.gl=38;5;13:*.dl=38;5;13:*.xcf=38;5;13:*.xwd=38;5;13:*.yuv=38;5;13:*.cgm=38;5;13:*.emf=38;5;13:*.ogv=38;5;13:*.ogx=38;5;13:*.aac=38;5;45:*.au=38;5;45:*.flac=38;5;45:*.m4a=38;5;45:*.mid=38;5;45:*.midi=38;5;45:*.mka=38;5;45:*.mp3=38;5;45:*.mpc=38;5;45:*.ogg=38;5;45:*.ra=38;5;45:*.wav=38;5;45:*.oga=38;5;45:*.opus=38;5;45:*.spx=38;5;45:*.xspf=38;5;45:" />
    <property name="env.OCR_NAME_5" value="data5.ocr" />
    <property name="env.OCR_NAME_4" value="data4.ocr" />
    <property name="env.DB_DRIVER" value="thin" />
    <property name="env.OCR_NAME_3" value="data3.ocr" />
    <property name="sun.desktop" value="gnome" />
    <property name="env.UPPER_HOSTNAME" value="PHOENIX137785" />
    <property name="env.NDE_PRODUCT" value="xdk" />
    <property name="ant.file.json-base" value="/scratch/vemahaja/view_storage/vemahaja_gitdumpnew/xdk/src/java/json/soda-for-java/test/json.xml" />
    <property name="env.OCR_DG_FILE" value="ocrdg1" />
    <property name="env.LANG" value="en_US.UTF-8" />
    <property name="env.OLR_LOC_FILE" value="olr.loc" />
    <property name="java.awt.graphicsenv" value="sun.awt.X11GraphicsEnvironment" />
    <property name="env.DB_HOST" value="phoenix137785" />
    <property name="env.ADE_UMASK" value="000" />
    <property name="java.vm.vendor" value="Oracle Corporation" />
    <property name="env.KGZF_DISABLE_RECONNECT" value="1" />
    <property name="env.JAVA15HOME" value="/ade/b/1556886341/oracle/jdk" />
    <property name="env.T_DISCARD" value="/dev/null" />
    <property name="env.GROUP" value="dba" />
    <property name="env.OC4J_SIIOP" value="15556" />
    <property name="env.OCR_ROOT" value="/ade/b/1556886341/oracle/hist/ocr.dat" />
    <property name="env.ORACLE_BASE_CONFIG" value="/ade/b/1556886341/oracle" />
    <property name="env.T_TKXQ_DATA" value="/ade/vemahaja_gitdumpnew/xdk/test/tkxq/data" />
    <property name="env.OCR_NAME" value="data.ocr" />
    <property name="env.PERL_EXEC" value="/ade/b/1556886341/oracle/perl/bin/perl" />
    <property name="UserName" value="scott" />
    <property name="build.dir" value="/scratch/vemahaja/view_storage/vemahaja_gitdumpnew/xdk/src/java/json/soda-for-java/test/build" />
    <property name="env.TZ" value="UTC" />
    <property name="env.ORA_NLS" value="/ade/b/1556886341/oracle/nlsrtl/admin/nlsdata" />
    <property name="ant.version" value="Apache Ant version 1.7.1 compiled on June 27 2008" />
    <property name="env.HOSTNAME" value="phoenix137785" />
    <property name="file.encoding" value="UTF-8" />
    <property name="env.T_TRC" value="/ade/b/1556886341/oracle/log" />
    <property name="env.CDB_NLS_SEED" value="/ade/b/1556886341/oracle/rdbms/utl/cdb_nls_seed" />
    <property name="awt.toolkit" value="sun.awt.X11.XToolkit" />
  </properties>
  <system-out><![CDATA[]]></system-out>
  <system-err><![CDATA[]]></system-err>
</testsuite>
